2023-02-28 14:43:49,301 DEBUG    root            Loaded Command Group: ['gcloud', 'components']
2023-02-28 14:43:49,304 DEBUG    root            Loaded Command Group: ['gcloud', 'components', 'update']
2023-02-28 14:43:49,307 DEBUG    root            Running [gcloud.components.update] with arguments: [--quiet: "True", COMPONENT-IDS:8: "['gcloud', 'core', 'bq', 'gsutil', 'compute', 'preview', 'alpha', 'beta']"]
2023-02-28 14:43:49,308 INFO     ___FILE_ONLY___ Beginning update. This process may take several minutes.

2023-02-28 14:43:49,312 DEBUG    urllib3.connectionpool Starting new HTTPS connection (1): dl.google.com:443
2023-02-28 14:43:49,388 DEBUG    urllib3.connectionpool https://dl.google.com:443 "GET /dl/cloudsdk/channels/rapid/components-2.json HTTP/1.1" 200 206156
2023-02-28 14:43:49,405 WARNING  root            Component [compute] no longer exists.
2023-02-28 14:43:49,405 WARNING  root            Component [preview] no longer exists.
2023-02-28 14:43:49,406 INFO     ___FILE_ONLY___ 

2023-02-28 14:43:49,407 INFO     ___FILE_ONLY___ 
Your current Google Cloud CLI version is: 419.0.0

2023-02-28 14:43:49,407 INFO     ___FILE_ONLY___ Installing components from version: 419.0.0

2023-02-28 14:43:49,407 INFO     ___FILE_ONLY___ 

2023-02-28 14:43:49,407 DEBUG    root            Chosen display Format:table[box,title="These components will be removed."](details.display_name:label=Name:align=left,version.version_string:label=Version:align=right,data.size.size(zero="",min=1048576):label=Size:align=right)
2023-02-28 14:43:49,408 DEBUG    root            Chosen display Format:table[box,title="These components will be updated."](details.display_name:label=Name:align=left,version.version_string:label=Version:align=right,data.size.size(zero="",min=1048576):label=Size:align=right)
2023-02-28 14:43:49,409 DEBUG    root            Chosen display Format:table[box,title="These components will be installed."](details.display_name:label=Name:align=left,version.version_string:label=Version:align=right,data.size.size(zero="",min=1048576):label=Size:align=right)
2023-02-28 14:43:49,410 INFO     ___FILE_ONLY___ ┌──────────────────────────────────────────────┐
2023-02-28 14:43:49,411 INFO     ___FILE_ONLY___ 

2023-02-28 14:43:49,411 INFO     ___FILE_ONLY___ │     These components will be installed.      │
2023-02-28 14:43:49,411 INFO     ___FILE_ONLY___ 

2023-02-28 14:43:49,411 INFO     ___FILE_ONLY___ ├───────────────────────┬────────────┬─────────┤
2023-02-28 14:43:49,411 INFO     ___FILE_ONLY___ 

2023-02-28 14:43:49,411 INFO     ___FILE_ONLY___ │          Name         │  Version   │   Size  │
2023-02-28 14:43:49,411 INFO     ___FILE_ONLY___ 

2023-02-28 14:43:49,411 INFO     ___FILE_ONLY___ ├───────────────────────┼────────────┼─────────┤
2023-02-28 14:43:49,412 INFO     ___FILE_ONLY___ 

2023-02-28 14:43:49,412 INFO     ___FILE_ONLY___ │ 
2023-02-28 14:43:49,412 INFO     ___FILE_ONLY___ gcloud Alpha Commands
2023-02-28 14:43:49,412 INFO     ___FILE_ONLY___  
2023-02-28 14:43:49,412 INFO     ___FILE_ONLY___ │ 
2023-02-28 14:43:49,412 INFO     ___FILE_ONLY___ 2023.02.17
2023-02-28 14:43:49,412 INFO     ___FILE_ONLY___  
2023-02-28 14:43:49,413 INFO     ___FILE_ONLY___ │ 
2023-02-28 14:43:49,413 INFO     ___FILE_ONLY___ < 1 MiB
2023-02-28 14:43:49,413 INFO     ___FILE_ONLY___  
2023-02-28 14:43:49,413 INFO     ___FILE_ONLY___ │
2023-02-28 14:43:49,413 INFO     ___FILE_ONLY___ 

2023-02-28 14:43:49,413 INFO     ___FILE_ONLY___ │ 
2023-02-28 14:43:49,413 INFO     ___FILE_ONLY___ gcloud Beta Commands 
2023-02-28 14:43:49,413 INFO     ___FILE_ONLY___  
2023-02-28 14:43:49,413 INFO     ___FILE_ONLY___ │ 
2023-02-28 14:43:49,413 INFO     ___FILE_ONLY___ 2023.02.17
2023-02-28 14:43:49,414 INFO     ___FILE_ONLY___  
2023-02-28 14:43:49,414 INFO     ___FILE_ONLY___ │ 
2023-02-28 14:43:49,414 INFO     ___FILE_ONLY___ < 1 MiB
2023-02-28 14:43:49,414 INFO     ___FILE_ONLY___  
2023-02-28 14:43:49,414 INFO     ___FILE_ONLY___ │
2023-02-28 14:43:49,414 INFO     ___FILE_ONLY___ 

2023-02-28 14:43:49,414 INFO     ___FILE_ONLY___ └───────────────────────┴────────────┴─────────┘
2023-02-28 14:43:49,414 INFO     ___FILE_ONLY___ 

2023-02-28 14:43:49,414 INFO     ___FILE_ONLY___ 

2023-02-28 14:43:49,417 DEBUG    urllib3.connectionpool Starting new HTTPS connection (1): dl.google.com:443
2023-02-28 14:43:49,494 DEBUG    urllib3.connectionpool https://dl.google.com:443 "GET /dl/cloudsdk/channels/rapid/RELEASE_NOTES HTTP/1.1" 200 947210
2023-02-28 14:43:49,523 INFO     ___FILE_ONLY___ For the latest full release notes, please visit:
  https://cloud.google.com/sdk/release_notes


2023-02-28 14:43:49,531 INFO     ___FILE_ONLY___ ╔════════════════════════════════════════════════════════════╗

2023-02-28 14:43:49,531 INFO     ___FILE_ONLY___ ╠═ Creating update staging area                             ═╣

2023-02-28 14:43:49,531 INFO     ___FILE_ONLY___ ╚
2023-02-28 14:43:49,532 INFO     ___FILE_ONLY___ ══════
2023-02-28 14:43:50,845 INFO     ___FILE_ONLY___ ══════
2023-02-28 14:43:50,845 INFO     ___FILE_ONLY___ ══════
2023-02-28 14:43:51,359 INFO     ___FILE_ONLY___ ═
2023-02-28 14:43:51,503 INFO     ___FILE_ONLY___ ═
2023-02-28 14:43:51,686 INFO     ___FILE_ONLY___ ═
2023-02-28 14:43:51,894 INFO     ___FILE_ONLY___ ═
2023-02-28 14:43:52,107 INFO     ___FILE_ONLY___ ═
2023-02-28 14:43:52,296 INFO     ___FILE_ONLY___ ═
2023-02-28 14:43:52,435 INFO     ___FILE_ONLY___ ═
2023-02-28 14:43:52,558 INFO     ___FILE_ONLY___ ═
2023-02-28 14:43:52,852 INFO     ___FILE_ONLY___ ═
2023-02-28 14:43:52,993 INFO     ___FILE_ONLY___ ═
2023-02-28 14:43:53,146 INFO     ___FILE_ONLY___ ═
2023-02-28 14:43:53,340 INFO     ___FILE_ONLY___ ═
2023-02-28 14:43:53,493 INFO     ___FILE_ONLY___ ═
2023-02-28 14:43:53,627 INFO     ___FILE_ONLY___ ═
2023-02-28 14:43:53,989 INFO     ___FILE_ONLY___ ═
2023-02-28 14:43:54,293 INFO     ___FILE_ONLY___ ═
2023-02-28 14:43:54,526 INFO     ___FILE_ONLY___ ═
2023-02-28 14:43:55,333 INFO     ___FILE_ONLY___ ═
2023-02-28 14:43:55,451 INFO     ___FILE_ONLY___ ═
2023-02-28 14:43:55,591 INFO     ___FILE_ONLY___ ═
2023-02-28 14:43:55,825 INFO     ___FILE_ONLY___ ═
2023-02-28 14:43:55,945 INFO     ___FILE_ONLY___ ═
2023-02-28 14:43:56,056 INFO     ___FILE_ONLY___ ═
2023-02-28 14:43:56,198 INFO     ___FILE_ONLY___ ═
2023-02-28 14:43:56,358 INFO     ___FILE_ONLY___ ═
2023-02-28 14:43:56,489 INFO     ___FILE_ONLY___ ═
2023-02-28 14:43:56,606 INFO     ___FILE_ONLY___ ═
2023-02-28 14:43:56,719 INFO     ___FILE_ONLY___ ═
2023-02-28 14:43:56,836 INFO     ___FILE_ONLY___ ═
2023-02-28 14:43:56,936 INFO     ___FILE_ONLY___ ═
2023-02-28 14:43:57,067 INFO     ___FILE_ONLY___ ═
2023-02-28 14:43:57,183 INFO     ___FILE_ONLY___ ═
2023-02-28 14:43:57,301 INFO     ___FILE_ONLY___ ═
2023-02-28 14:43:57,412 INFO     ___FILE_ONLY___ ═
2023-02-28 14:43:57,534 INFO     ___FILE_ONLY___ ═
2023-02-28 14:43:57,644 INFO     ___FILE_ONLY___ ═
2023-02-28 14:43:57,737 INFO     ___FILE_ONLY___ ═
2023-02-28 14:43:57,864 INFO     ___FILE_ONLY___ ═
2023-02-28 14:43:57,992 INFO     ___FILE_ONLY___ ═
2023-02-28 14:43:58,152 INFO     ___FILE_ONLY___ ═
2023-02-28 14:43:58,333 INFO     ___FILE_ONLY___ ═
2023-02-28 14:43:58,480 INFO     ___FILE_ONLY___ ═
2023-02-28 14:43:58,481 INFO     ___FILE_ONLY___ ╝

2023-02-28 14:44:03,535 INFO     ___FILE_ONLY___ ╔════════════════════════════════════════════════════════════╗

2023-02-28 14:44:03,536 INFO     ___FILE_ONLY___ ╠═ Installing: gcloud Alpha Commands                        ═╣

2023-02-28 14:44:03,536 INFO     ___FILE_ONLY___ ╚
2023-02-28 14:44:03,540 DEBUG    urllib3.connectionpool Starting new HTTPS connection (1): dl.google.com:443
2023-02-28 14:44:03,610 DEBUG    urllib3.connectionpool https://dl.google.com:443 "GET /dl/cloudsdk/channels/rapid/components/google-cloud-sdk-alpha-20230217153950.tar.gz HTTP/1.1" 200 800
2023-02-28 14:44:03,611 INFO     ___FILE_ONLY___ ══════════════════════════════
2023-02-28 14:44:03,613 INFO     ___FILE_ONLY___ ══════════════════════════════
2023-02-28 14:44:03,614 INFO     ___FILE_ONLY___ ╝

2023-02-28 14:44:03,627 INFO     ___FILE_ONLY___ ╔════════════════════════════════════════════════════════════╗

2023-02-28 14:44:03,628 INFO     ___FILE_ONLY___ ╠═ Installing: gcloud Beta Commands                         ═╣

2023-02-28 14:44:03,628 INFO     ___FILE_ONLY___ ╚
2023-02-28 14:44:03,632 DEBUG    urllib3.connectionpool Starting new HTTPS connection (1): dl.google.com:443
2023-02-28 14:44:03,660 DEBUG    urllib3.connectionpool https://dl.google.com:443 "GET /dl/cloudsdk/channels/rapid/components/google-cloud-sdk-beta-20230217153950.tar.gz HTTP/1.1" 200 797
2023-02-28 14:44:03,661 INFO     ___FILE_ONLY___ ══════════════════════════════
2023-02-28 14:44:03,662 INFO     ___FILE_ONLY___ ══════════════════════════════
2023-02-28 14:44:03,663 INFO     ___FILE_ONLY___ ╝

2023-02-28 14:44:03,676 INFO     ___FILE_ONLY___ ╔════════════════════════════════════════════════════════════╗

2023-02-28 14:44:03,676 INFO     ___FILE_ONLY___ ╠═ Creating backup and activating new installation          ═╣

2023-02-28 14:44:03,676 INFO     ___FILE_ONLY___ ╚
2023-02-28 14:44:03,676 DEBUG    root            Attempting to move directory [/tools/google-cloud-sdk] to [/tools/google-cloud-sdk.staging/.install/.backup]
2023-02-28 14:44:03,677 INFO     ___FILE_ONLY___ ══════════════════════════════
2023-02-28 14:44:03,677 DEBUG    root            Attempting to move directory [/tools/google-cloud-sdk.staging] to [/tools/google-cloud-sdk]
2023-02-28 14:44:03,677 INFO     ___FILE_ONLY___ ══════════════════════════════
2023-02-28 14:44:03,677 INFO     ___FILE_ONLY___ ╝

2023-02-28 14:44:03,683 DEBUG    root            Updating notification cache...
2023-02-28 14:44:03,684 INFO     ___FILE_ONLY___ 

2023-02-28 14:44:03,691 INFO     ___FILE_ONLY___ Performing post processing steps...
2023-02-28 14:44:03,691 DEBUG    root            Executing command: ['python3', '-S', '/tools/google-cloud-sdk/lib/gcloud.py', 'components', 'post-process']
2023-02-28 14:44:34,291 DEBUG    ___FILE_ONLY___ 
2023-02-28 14:44:34,291 DEBUG    ___FILE_ONLY___ 
2023-02-28 14:44:34,486 INFO     ___FILE_ONLY___ 
Update done!


2023-02-28 14:44:34,491 DEBUG    root            Chosen display Format:none
2023-02-28 14:44:34,491 INFO     root            Display format: "none"
